Build started 2/2/2016 4:40:11 PM.
     1>Project "C:\Users\di_wu\Desktop\WooNetwork\WooNetwork\WooNetwork\WooNetwork.vcxproj" on node 2 (Build target(s)).
     1>ClCompile:
         C:\Softwares\Visual Studio 2015\VC\bin\CL.exe /c /ZI /nologo /W3 /WX- /sdl /Od /Oy- /D WIN32 /D _DEBUG /D _CONSOLE /D _UNICODE /D UNICODE /Gm /EHsc /RTC1 /MDd /GS /fp:precise /Zc:wchar_t /Zc:forScope /Zc:inline /Fo"Debug\\" /Fd"Debug\vc140.pdb" /Gd /TP /analyze- /errorReport:prompt Base\NetworkCommunication.cpp Client\ClientApplication.cpp Client\ClientNetwork.cpp Main.cpp Server\ServerApplication.cpp Server\ServerNetwork.cpp
         ServerNetwork.cpp
         ServerApplication.cpp
         Main.cpp
         NetworkCommunication.cpp
         Generating Code...
         Skipping... (no relevant changes detected)
         ClientNetwork.cpp
         ClientApplication.cpp
       Link:
         C:\Softwares\Visual Studio 2015\VC\bin\link.exe /ERRORREPORT:PROMPT /OUT:"C:\Users\di_wu\Desktop\WooNetwork\WooNetwork\Debug\WooNetwork.exe" /INCREMENTAL /NOLOGO kernel32.lib user32.lib gdi32.lib winspool.lib comdlg32.lib advapi32.lib shell32.lib ole32.lib oleaut32.lib uuid.lib odbc32.lib odbccp32.lib /MANIFEST /MANIFESTUAC:"level='asInvoker' uiAccess='false'" /manifest:embed /Debug /PDB:"C:\Users\di_wu\Desktop\WooNetwork\WooNetwork\Debug\WooNetwork.pdb" /SUBSYSTEM:CONSOLE /TLBID:1 /DYNAMICBASE /NXCOMPAT /IMPLIB:"C:\Users\di_wu\Desktop\WooNetwork\WooNetwork\Debug\WooNetwork.lib" /MACHINE:X86 Debug\ClientApplication.obj
         Debug\ClientNetwork.obj
         Debug\NetworkData.obj
         Debug\Main.obj
         Debug\NetworkCommunication.obj
         Debug\ServerApplication.obj
         Debug\ServerNetwork.obj
         WooNetwork.vcxproj -> C:\Users\di_wu\Desktop\WooNetwork\WooNetwork\Debug\WooNetwork.exe
     1>Done Building Project "C:\Users\di_wu\Desktop\WooNetwork\WooNetwork\WooNetwork\WooNetwork.vcxproj" (Build target(s)).

Build succeeded.

Time Elapsed 00:00:03.19
